{"contracts/MetaFactory.sol":{"l":{"31":15,"38":3,"39":3,"40":3,"41":3,"42":3,"44":3,"46":3,"51":1,"57":1},"path":"/Users/alieray/Desktop/projects/minimal-proxy/contracts/MetaFactory.sol","s":{"1":3,"2":3,"3":3,"4":3,"5":1,"6":1},"b":{},"f":{"1":15,"2":3,"3":1,"4":1},"fnMap":{"1":{"name":"constructor","line":30,"loc":{"start":{"line":30,"column":4},"end":{"line":32,"column":4}}},"2":{"name":"createMeta","line":37,"loc":{"start":{"line":37,"column":4},"end":{"line":47,"column":4}}},"3":{"name":"viewCloneAddress","line":50,"loc":{"start":{"line":50,"column":4},"end":{"line":52,"column":4}}},"4":{"name":"viewCloneTotalSupply","line":56,"loc":{"start":{"line":56,"column":4},"end":{"line":58,"column":4}}}},"statementMap":{"1":{"start":{"line":38,"column":8},"end":{"line":38,"column":64}},"2":{"start":{"line":39,"column":8},"end":{"line":39,"column":57}},"3":{"start":{"line":44,"column":8},"end":{"line":44,"column":69}},"4":{"start":{"line":46,"column":8},"end":{"line":46,"column":27}},"5":{"start":{"line":51,"column":8},"end":{"line":51,"column":38}},"6":{"start":{"line":57,"column":8},"end":{"line":57,"column":63}}},"branchMap":{}},"contracts/MetaToken.sol":{"l":{"13":18,"22":3},"path":"/Users/alieray/Desktop/projects/minimal-proxy/contracts/MetaToken.sol","s":{"1":18,"2":3},"b":{"1":[3,1]},"f":{"1":18,"2":3},"fnMap":{"1":{"name":"constructor","line":12,"loc":{"start":{"line":12,"column":4},"end":{"line":14,"column":4}}},"2":{"name":"initialize","line":21,"loc":{"start":{"line":21,"column":4},"end":{"line":23,"column":4}}}},"statementMap":{"1":{"start":{"line":13,"column":8},"end":{"line":13,"column":29}},"2":{"start":{"line":22,"column":8},"end":{"line":22,"column":65}}},"branchMap":{"1":{"line":21,"type":"if","locations":[{"start":{"line":21,"column":52},"end":{"line":21,"column":52}},{"start":{"line":21,"column":52},"end":{"line":21,"column":52}}]}}}}