{"contracts/MetaFactory.sol":{"l":{"25":18,"32":3,"33":3,"34":3,"35":3,"36":3,"37":3,"42":1,"48":1},"path":"/Users/alieray/Desktop/projects/minimal-proxy/contracts/MetaFactory.sol","s":{"1":3,"2":3,"3":3,"4":1,"5":1},"b":{},"f":{"1":18,"2":3,"3":1,"4":1},"fnMap":{"1":{"name":"constructor","line":24,"loc":{"start":{"line":24,"column":4},"end":{"line":26,"column":4}}},"2":{"name":"createMeta","line":31,"loc":{"start":{"line":31,"column":4},"end":{"line":38,"column":4}}},"3":{"name":"viewCloneAddress","line":41,"loc":{"start":{"line":41,"column":4},"end":{"line":43,"column":4}}},"4":{"name":"viewCloneTotalSupply","line":47,"loc":{"start":{"line":47,"column":4},"end":{"line":49,"column":4}}}},"statementMap":{"1":{"start":{"line":32,"column":8},"end":{"line":32,"column":64}},"2":{"start":{"line":33,"column":8},"end":{"line":33,"column":57}},"3":{"start":{"line":37,"column":8},"end":{"line":37,"column":27}},"4":{"start":{"line":42,"column":8},"end":{"line":42,"column":38}},"5":{"start":{"line":48,"column":8},"end":{"line":48,"column":63}}},"branchMap":{}},"contracts/MetaToken.sol":{"l":{"20":4},"path":"/Users/alieray/Desktop/projects/minimal-proxy/contracts/MetaToken.sol","s":{"1":4},"b":{"1":[4,1]},"f":{"1":18,"2":4},"fnMap":{"1":{"name":"constructor","line":12,"loc":{"start":{"line":12,"column":4},"end":{"line":12,"column":46}}},"2":{"name":"initialize","line":19,"loc":{"start":{"line":19,"column":4},"end":{"line":21,"column":4}}}},"statementMap":{"1":{"start":{"line":20,"column":8},"end":{"line":20,"column":65}}},"branchMap":{"1":{"line":19,"type":"if","locations":[{"start":{"line":19,"column":52},"end":{"line":19,"column":52}},{"start":{"line":19,"column":52},"end":{"line":19,"column":52}}]}}}}